<?xml version="1.0" encoding="UTF-8"?>
<!-- Generated by org.testng.reporters.JUnitReportReporter -->
<testsuite hostname="NDI-LAP-115" failures="0" tests="7" name="test.TestCases.testcase1" time="1.332" errors="0" timestamp="2022-02-09T15:49:53 IST" skipped="0">
  <testcase classname="test.TestCases.testcase1" name="initiate" time="0.069"/>
  <system-out/>
  <testcase classname="test.TestCases.testcase1" name="loginsite" time="0.361"/>
  <system-out/>
  <testcase classname="test.TestCases.testcase1" name="productpage" time="0.214"/>
  <system-out/>
  <testcase classname="test.TestCases.testcase1" name="cartpage" time="0.132"/>
  <system-out/>
  <testcase classname="test.TestCases.testcase1" name="checkout" time="0.362"/>
  <system-out/>
  <testcase classname="test.TestCases.testcase1" name="finish" time="0.085"/>
  <system-out/>
  <testcase classname="test.TestCases.testcase1" name="returntohome" time="0.109"/>
  <system-out/>
</testsuite> <!-- test.TestCases.testcase1 -->
